[0322/230430.463:ERROR:process_reader_win.cc(142)] SuspendThread: 拒绝访问。 (0x5)
[0322/230430.466:ERROR:process_reader_win.cc(142)] SuspendThread: 拒绝访问。 (0x5)
[0322/230430.467:ERROR:process_reader_win.cc(142)] SuspendThread: 拒绝访问。 (0x5)
[0322/230430.467:ERROR:process_reader_win.cc(142)] SuspendThread: 拒绝访问。 (0x5)
[0322/230430.467:ERROR:process_reader_win.cc(142)] SuspendThread: 拒绝访问。 (0x5)
[0322/230430.467:ERROR:process_reader_win.cc(142)] SuspendThread: 拒绝访问。 (0x5)
[0322/230430.467:ERROR:process_reader_win.cc(142)] SuspendThread: 拒绝访问。 (0x5)
[0322/230430.497:ERROR:process_reader_win.cc(233)] ReadMemory at 0x5850048 of 32768 bytes failed: 仅完成部分的 ReadProcessMemory 或 WriteProcessMemory 请求。 (0x12B)
[0322/230430.497:WARNING:pe_image_annotations_reader.cc(65)] could not read simple annotations from C:\Program Files (x86)\Google\Chrome\Application\57.0.2987.110\chrome_elf.dll
[0322/230430.603:ERROR:process_reader_win.cc(142)] SuspendThread: 拒绝访问。 (0x5)
[0322/230430.603:ERROR:process_reader_win.cc(142)] SuspendThread: 拒绝访问。 (0x5)
[0322/230430.603:ERROR:process_reader_win.cc(142)] SuspendThread: 拒绝访问。 (0x5)
[0322/230430.603:ERROR:process_reader_win.cc(142)] SuspendThread: 拒绝访问。 (0x5)
[0322/230430.603:ERROR:process_reader_win.cc(142)] SuspendThread: 拒绝访问。 (0x5)
[0322/230430.603:ERROR:process_reader_win.cc(142)] SuspendThread: 拒绝访问。 (0x5)
[0322/230430.603:ERROR:process_reader_win.cc(142)] SuspendThread: 拒绝访问。 (0x5)
[0322/230430.604:ERROR:process_reader_win.cc(142)] SuspendThread: 拒绝访问。 (0x5)
[0322/230430.604:ERROR:process_reader_win.cc(142)] SuspendThread: 拒绝访问。 (0x5)
[0322/230430.615:ERROR:process_reader_win.cc(142)] SuspendThread: 拒绝访问。 (0x5)
[0322/230430.615:ERROR:process_reader_win.cc(142)] SuspendThread: 拒绝访问。 (0x5)
[0322/230430.615:ERROR:process_reader_win.cc(142)] SuspendThread: 拒绝访问。 (0x5)
[0322/230430.615:ERROR:process_reader_win.cc(142)] SuspendThread: 拒绝访问。 (0x5)
[0322/230430.615:ERROR:process_reader_win.cc(142)] SuspendThread: 拒绝访问。 (0x5)
[0322/230430.615:ERROR:process_reader_win.cc(142)] SuspendThread: 拒绝访问。 (0x5)
[0322/230430.615:ERROR:process_reader_win.cc(142)] SuspendThread: 拒绝访问。 (0x5)
[0322/230430.631:ERROR:process_reader_win.cc(233)] ReadMemory at 0x51c0048 of 32768 bytes failed: 仅完成部分的 ReadProcessMemory 或 WriteProcessMemory 请求。 (0x12B)
[0322/230430.631:WARNING:pe_image_annotations_reader.cc(65)] could not read simple annotations from C:\Program Files (x86)\Google\Chrome\Application\57.0.2987.110\chrome_elf.dll
[0322/230430.646:ERROR:process_reader_win.cc(233)] ReadMemory at 0x58c0048 of 32768 bytes failed: 仅完成部分的 ReadProcessMemory 或 WriteProcessMemory 请求。 (0x12B)
[0322/230430.646:WARNING:pe_image_annotations_reader.cc(65)] could not read simple annotations from C:\Program Files (x86)\Google\Chrome\Application\57.0.2987.110\chrome_elf.dll
[0322/230430.676:ERROR:process_reader_win.cc(142)] SuspendThread: 拒绝访问。 (0x5)
[0322/230430.676:ERROR:process_reader_win.cc(142)] SuspendThread: 拒绝访问。 (0x5)
[0322/230430.676:ERROR:process_reader_win.cc(142)] SuspendThread: 拒绝访问。 (0x5)
[0322/230430.676:ERROR:process_reader_win.cc(142)] SuspendThread: 拒绝访问。 (0x5)
[0322/230430.676:ERROR:process_reader_win.cc(142)] SuspendThread: 拒绝访问。 (0x5)
[0322/230430.676:ERROR:process_reader_win.cc(142)] SuspendThread: 拒绝访问。 (0x5)
[0322/230430.676:ERROR:process_reader_win.cc(142)] SuspendThread: 拒绝访问。 (0x5)
[0322/230430.704:ERROR:process_reader_win.cc(233)] ReadMemory at 0x61d0048 of 32768 bytes failed: 仅完成部分的 ReadProcessMemory 或 WriteProcessMemory 请求。 (0x12B)
[0322/230430.704:WARNING:pe_image_annotations_reader.cc(65)] could not read simple annotations from C:\Program Files (x86)\Google\Chrome\Application\57.0.2987.110\chrome_elf.dll
[0326/173132.208:ERROR:process_reader_win.cc(142)] SuspendThread: 拒绝访问。 (0x5)
[0326/173132.222:ERROR:process_reader_win.cc(142)] SuspendThread: 拒绝访问。 (0x5)
[0326/173132.232:ERROR:process_reader_win.cc(142)] SuspendThread: 拒绝访问。 (0x5)
[0326/173132.235:ERROR:process_reader_win.cc(142)] SuspendThread: 拒绝访问。 (0x5)
[0326/173132.236:ERROR:process_reader_win.cc(142)] SuspendThread: 拒绝访问。 (0x5)
[0326/173132.236:ERROR:process_reader_win.cc(142)] SuspendThread: 拒绝访问。 (0x5)
[0326/173132.236:ERROR:process_reader_win.cc(142)] SuspendThread: 拒绝访问。 (0x5)
[0326/173132.236:ERROR:process_reader_win.cc(142)] SuspendThread: 拒绝访问。 (0x5)
[0326/173132.236:ERROR:process_reader_win.cc(142)] SuspendThread: 拒绝访问。 (0x5)
[0326/173132.236:ERROR:process_reader_win.cc(142)] SuspendThread: 拒绝访问。 (0x5)
[0326/173132.232:ERROR:process_reader_win.cc(142)] SuspendThread: 拒绝访问。 (0x5)
[0326/173132.236:ERROR:process_reader_win.cc(142)] SuspendThread: 拒绝访问。 (0x5)
[0326/173132.236:ERROR:process_reader_win.cc(142)] SuspendThread: 拒绝访问。 (0x5)
[0326/173132.236:ERROR:process_reader_win.cc(142)] SuspendThread: 拒绝访问。 (0x5)
[0326/173132.236:ERROR:process_reader_win.cc(142)] SuspendThread: 拒绝访问。 (0x5)
[0326/173132.236:ERROR:process_reader_win.cc(142)] SuspendThread: 拒绝访问。 (0x5)
[0326/173132.236:ERROR:process_reader_win.cc(142)] SuspendThread: 拒绝访问。 (0x5)
[0326/173132.236:ERROR:process_reader_win.cc(142)] SuspendThread: 拒绝访问。 (0x5)
[0326/173132.236:ERROR:process_reader_win.cc(142)] SuspendThread: 拒绝访问。 (0x5)
[0326/173132.253:ERROR:process_reader_win.cc(142)] SuspendThread: 拒绝访问。 (0x5)
[0326/173132.399:ERROR:process_reader_win.cc(233)] ReadMemory at 0x5780048 of 32768 bytes failed: 仅完成部分的 ReadProcessMemory 或 WriteProcessMemory 请求。 (0x12B)
[0326/173132.399:ERROR:process_reader_win.cc(233)] ReadMemory at 0x5860048 of 32768 bytes failed: 仅完成部分的 ReadProcessMemory 或 WriteProcessMemory 请求。 (0x12B)
[0326/173132.399:WARNING:pe_image_annotations_reader.cc(65)] could not read simple annotations from C:\Program Files (x86)\Google\Chrome\Application\57.0.2987.110\chrome_elf.dll
[0326/173132.399:WARNING:pe_image_annotations_reader.cc(65)] could not read simple annotations from C:\Program Files (x86)\Google\Chrome\Application\57.0.2987.110\chrome_elf.dll
[0326/173132.409:ERROR:process_reader_win.cc(233)] ReadMemory at 0x5e00048 of 32768 bytes failed: 仅完成部分的 ReadProcessMemory 或 WriteProcessMemory 请求。 (0x12B)
[0326/173132.409:WARNING:pe_image_annotations_reader.cc(65)] could not read simple annotations from C:\Program Files (x86)\Google\Chrome\Application\57.0.2987.110\chrome_elf.dll
[0326/173132.530:ERROR:process_reader_win.cc(233)] ReadMemory at 0x5a40048 of 32768 bytes failed: 仅完成部分的 ReadProcessMemory 或 WriteProcessMemory 请求。 (0x12B)
[0326/173132.530:WARNING:pe_image_annotations_reader.cc(65)] could not read simple annotations from C:\Program Files (x86)\Google\Chrome\Application\57.0.2987.110\chrome_elf.dll
[0326/173132.592:ERROR:process_reader_win.cc(233)] ReadMemory at 0x5ea0048 of 32768 bytes failed: 仅完成部分的 ReadProcessMemory 或 WriteProcessMemory 请求。 (0x12B)
[0326/173132.592:WARNING:pe_image_annotations_reader.cc(65)] could not read simple annotations from C:\Program Files (x86)\Google\Chrome\Application\57.0.2987.110\chrome_elf.dll
[0326/173132.593:ERROR:process_reader_win.cc(233)] ReadMemory at 0x5c30048 of 32768 bytes failed: 仅完成部分的 ReadProcessMemory 或 WriteProcessMemory 请求。 (0x12B)
[0326/173132.593:WARNING:pe_image_annotations_reader.cc(65)] could not read simple annotations from C:\Program Files (x86)\Google\Chrome\Application\57.0.2987.110\chrome_elf.dll
[0406/160841.429:ERROR:process_reader_win.cc(142)] SuspendThread: 拒绝访问。 (0x5)
[0406/160841.429:ERROR:process_reader_win.cc(142)] SuspendThread: 拒绝访问。 (0x5)
[0406/160841.460:ERROR:process_reader_win.cc(142)] SuspendThread: 拒绝访问。 (0x5)
[0406/160841.460:ERROR:process_reader_win.cc(142)] SuspendThread: 拒绝访问。 (0x5)
[0406/160841.497:ERROR:process_reader_win.cc(142)] SuspendThread: 拒绝访问。 (0x5)
[0406/160841.816:ERROR:process_reader_win.cc(233)] ReadMemory at 0x5780048 of 32768 bytes failed: 仅完成部分的 ReadProcessMemory 或 WriteProcessMemory 请求。 (0x12B)
[0406/160841.816:WARNING:pe_image_annotations_reader.cc(65)] could not read simple annotations from C:\Program Files (x86)\Google\Chrome\Application\57.0.2987.110\chrome_elf.dll
[0406/160841.816:ERROR:process_reader_win.cc(233)] ReadMemory at 0x5c10048 of 32768 bytes failed: 仅完成部分的 ReadProcessMemory 或 WriteProcessMemory 请求。 (0x12B)
[0406/160841.816:WARNING:pe_image_annotations_reader.cc(65)] could not read simple annotations from C:\Program Files (x86)\Google\Chrome\Application\57.0.2987.110\chrome_elf.dll
[0406/160841.816:ERROR:process_reader_win.cc(233)] ReadMemory at 0x5ee0048 of 32768 bytes failed: 仅完成部分的 ReadProcessMemory 或 WriteProcessMemory 请求。 (0x12B)
[0406/160841.816:WARNING:pe_image_annotations_reader.cc(65)] could not read simple annotations from C:\Program Files (x86)\Google\Chrome\Application\57.0.2987.110\chrome_elf.dll
[0406/160842.837:ERROR:process_reader_win.cc(233)] ReadMemory at 0x68e20260 of 40 bytes failed: 仅完成部分的 ReadProcessMemory 或 WriteProcessMemory 请求。 (0x12B)
[0406/160842.837:WARNING:pe_image_reader.cc(333)] could not read section 3 from C:\WINDOWS\SYSTEM32\MSACM32.dll
[0406/160842.837:ERROR:process_reader_win.cc(233)] ReadMemory at 0x737f0000 of 64 bytes failed: 仅完成部分的 ReadProcessMemory 或 WriteProcessMemory 请求。 (0x12B)
[0406/160842.837:WARNING:pe_image_reader.cc(281)] could not read dos header from C:\WINDOWS\SYSTEM32\VERSION.dll
[0406/160842.837:ERROR:process_reader_win.cc(233)] ReadMemory at 0x73900000 of 64 bytes failed: 仅完成部分的 ReadProcessMemory 或 WriteProcessMemory 请求。 (0x12B)
[0406/160842.837:WARNING:pe_image_reader.cc(281)] could not read dos header from C:\WINDOWS\System32\powrprof.dll
[0406/160842.837:ERROR:process_reader_win.cc(233)] ReadMemory at 0x76c90000 of 64 bytes failed: 仅完成部分的 ReadProcessMemory 或 WriteProcessMemory 请求。 (0x12B)
[0406/160842.837:WARNING:pe_image_reader.cc(281)] could not read dos header from C:\WINDOWS\System32\kernel.appcore.dll
[0406/160842.837:ERROR:process_reader_win.cc(233)] ReadMemory at 0x74c70000 of 64 bytes failed: 仅完成部分的 ReadProcessMemory 或 WriteProcessMemory 请求。 (0x12B)
[0406/160842.837:WARNING:pe_image_reader.cc(281)] could not read dos header from C:\WINDOWS\System32\shcore.dll
[0406/160842.837:ERROR:process_reader_win.cc(233)] ReadMemory at 0x743f0000 of 64 bytes failed: 仅完成部分的 ReadProcessMemory 或 WriteProcessMemory 请求。 (0x12B)
[0406/160842.837:WARNING:pe_image_reader.cc(281)] could not read dos header from C:\WINDOWS\System32\profapi.dll
[0406/160842.837:ERROR:process_reader_win.cc(233)] ReadMemory at 0x74df0000 of 64 bytes failed: 仅完成部分的 ReadProcessMemory 或 WriteProcessMemory 请求。 (0x12B)
[0406/160842.837:WARNING:pe_image_reader.cc(281)] could not read dos header from C:\WINDOWS\System32\windows.storage.dll
[0406/160842.837:ERROR:process_reader_win.cc(233)] ReadMemory at 0x75660000 of 64 bytes failed: 仅完成部分的 ReadProcessMemory 或 WriteProcessMemory 请求。 (0x12B)
[0406/160842.837:WARNING:pe_image_reader.cc(281)] could not read dos header from C:\WINDOWS\System32\SHELL32.dll
[0406/160842.837:ERROR:process_reader_win.cc(233)] ReadMemory at 0x73810000 of 64 bytes failed: 仅完成部分的 ReadProcessMemory 或 WriteProcessMemory 请求。 (0x12B)
[0406/160842.837:WARNING:pe_image_reader.cc(281)] could not read dos header from C:\WINDOWS\SYSTEM32\USERENV.dll
[0406/160842.837:ERROR:process_reader_win.cc(233)] ReadMemory at 0x6e0e0000 of 64 bytes failed: 仅完成部分的 ReadProcessMemory 或 WriteProcessMemory 请求。 (0x12B)
[0406/160842.837:WARNING:pe_image_reader.cc(281)] could not read dos header from C:\WINDOWS\SYSTEM32\dwmapi.dll
[0406/160842.837:ERROR:process_reader_win.cc(233)] ReadMemory at 0x6e150000 of 64 bytes failed: 仅完成部分的 ReadProcessMemory 或 WriteProcessMemory 请求。 (0x12B)
[0406/160842.837:WARNING:pe_image_reader.cc(281)] could not read dos header from C:\WINDOWS\SYSTEM32\iertutil.dll
[0406/160842.837:ERROR:process_reader_win.cc(233)] ReadMemory at 0x6e410000 of 64 bytes failed: 仅完成部分的 ReadProcessMemory 或 WriteProcessMemory 请求。 (0x12B)
[0406/160842.837:WARNING:pe_image_reader.cc(281)] could not read dos header from C:\WINDOWS\SYSTEM32\urlmon.dll
[0406/160842.837:ERROR:process_reader_win.cc(233)] ReadMemory at 0x72df0000 of 64 bytes failed: 仅完成部分的 ReadProcessMemory 或 WriteProcessMemory 请求。 (0x12B)
[0406/160842.837:WARNING:pe_image_reader.cc(281)] could not read dos header from C:\WINDOWS\SYSTEM32\bcrypt.dll
[0406/160842.837:ERROR:process_reader_win.cc(233)] ReadMemory at 0x72730000 of 64 bytes failed: 仅完成部分的 ReadProcessMemory 或 WriteProcessMemory 请求。 (0x12B)
[0406/160842.837:WARNING:pe_image_reader.cc(281)] could not read dos header from C:\WINDOWS\SYSTEM32\WINSPOOL.DRV
[0406/160842.837:ERROR:process_reader_win.cc(233)] ReadMemory at 0x72440000 of 64 bytes failed: 仅完成部分的 ReadProcessMemory 或 WriteProcessMemory 请求。 (0x12B)
[0406/160842.837:WARNING:pe_image_reader.cc(281)] could not read dos header from C:\WINDOWS\SYSTEM32\MPR.dll
[0406/160842.837:ERROR:process_reader_win.cc(233)] ReadMemory at 0x632d0000 of 64 bytes failed: 仅完成部分的 ReadProcessMemory 或 WriteProcessMemory 请求。 (0x12B)
[0406/160842.837:WARNING:pe_image_reader.cc(281)] could not read dos header from C:\Program Files (x86)\Google\Chrome\Application\57.0.2987.110\chrome_elf.dll
[0406/160842.837:ERROR:process_reader_win.cc(233)] ReadMemory at 0x73f00000 of 64 bytes failed: 仅完成部分的 ReadProcessMemory 或 WriteProcessMemory 请求。 (0x12B)
[0406/160842.837:WARNING:pe_image_reader.cc(281)] could not read dos header from C:\WINDOWS\System32\PSAPI.DLL
[0406/160842.837:ERROR:process_reader_win.cc(233)] ReadMemory at 0x72cc0000 of 64 bytes failed: 仅完成部分的 ReadProcessMemory 或 WriteProcessMemory 请求。 (0x12B)
[0406/160842.837:WARNING:pe_image_reader.cc(281)] could not read dos header from C:\WINDOWS\SYSTEM32\WINHTTP.dll
[0406/160842.837:ERROR:process_reader_win.cc(233)] ReadMemory at 0x63280000 of 64 bytes failed: 仅完成部分的 ReadProcessMemory 或 WriteProcessMemory 请求。 (0x12B)
[0406/160842.837:WARNING:pe_image_reader.cc(281)] could not read dos header from C:\WINDOWS\SYSTEM32\ninput.dll
[0406/160842.837:ERROR:process_reader_win.cc(233)] ReadMemory at 0x74d80000 of 64 bytes failed: 仅完成部分的 ReadProcessMemory 或 WriteProcessMemory 请求。 (0x12B)
[0406/160842.837:WARNING:pe_image_reader.cc(281)] could not read dos header from C:\WINDOWS\System32\WS2_32.dll
[0406/160842.837:ERROR:process_reader_win.cc(233)] ReadMemory at 0x736e0000 of 64 bytes failed: 仅完成部分的 ReadProcessMemory 或 WriteProcessMemory 请求。 (0x12B)
[0406/160842.837:WARNING:pe_image_reader.cc(281)] could not read dos header from C:\WINDOWS\SYSTEM32\NETAPI32.dll
[0406/160842.837:ERROR:process_reader_win.cc(233)] ReadMemory at 0x6e6e0000 of 64 bytes failed: 仅完成部分的 ReadProcessMemory 或 WriteProcessMemory 请求。 (0x12B)
[0406/160842.837:WARNING:pe_image_reader.cc(281)] could not read dos header from C:\WINDOWS\SYSTEM32\WKSCLI.DLL
[0406/160842.837:ERROR:process_reader_win.cc(233)] ReadMemory at 0x73300000 of 64 bytes failed: 仅完成部分的 ReadProcessMemory 或 WriteProcessMemory 请求。 (0x12B)
[0406/160842.837:WARNING:pe_image_reader.cc(281)] could not read dos header from C:\WINDOWS\SYSTEM32\NETUTILS.DLL
[0406/160842.837:ERROR:process_reader_win.cc(233)] ReadMemory at 0x614b0000 of 64 bytes failed: 仅完成部分的 ReadProcessMemory 或 WriteProcessMemory 请求。 (0x12B)
[0406/160842.837:WARNING:pe_image_reader.cc(281)] could not read dos header from D:\Program Files (x86)\360\360safe\safemon\safemon.dll
[0406/160842.837:ERROR:process_reader_win.cc(233)] ReadMemory at 0x61220000 of 64 bytes failed: 仅完成部分的 ReadProcessMemory 或 WriteProcessMemory 请求。 (0x12B)
[0406/160842.837:WARNING:pe_image_reader.cc(281)] could not read dos header from D:\Program Files (x86)\360\360safe\safemon\iNetSafe.dll
[0406/160842.837:ERROR:process_reader_win.cc(233)] ReadMemory at 0x721f0000 of 64 bytes failed: 仅完成部分的 ReadProcessMemory 或 WriteProcessMemory 请求。 (0x12B)
[0406/160842.837:WARNING:pe_image_reader.cc(281)] could not read dos header from C:\WINDOWS\WinSxS\x86_microsoft.windows.common-controls_6595b64144ccf1df_6.0.14393.953_none_89c2555adb023171\COMCTL32.dll
[0406/160842.837:ERROR:process_reader_win.cc(233)] ReadMemory at 0x75530000 of 64 bytes failed: 仅完成部分的 ReadProcessMemory 或 WriteProcessMemory 请求。 (0x12B)
[0406/160842.837:WARNING:pe_image_reader.cc(281)] could not read dos header from C:\WINDOWS\System32\COMDLG32.dll
[0406/160842.837:ERROR:process_reader_win.cc(233)] ReadMemory at 0x727a0000 of 64 bytes failed: 仅完成部分的 ReadProcessMemory 或 WriteProcessMemory 请求。 (0x12B)
[0406/160842.837:WARNING:pe_image_reader.cc(281)] could not read dos header from C:\WINDOWS\SYSTEM32\dbghelp.dll
[0406/160842.837:ERROR:process_reader_win.cc(233)] ReadMemory at 0x77010000 of 64 bytes failed: 仅完成部分的 ReadProcessMemory 或 WriteProcessMemory 请求。 (0x12B)
[0406/160842.837:ERROR:process_reader_win.cc(233)] ReadMemory at 0x74c70260 of 40 bytes failed: 仅完成部分的 ReadProcessMemory 或 WriteProcessMemory 请求。 (0x12B)
[0406/160842.837:WARNING:pe_image_reader.cc(333)] could not read section 3 from C:\WINDOWS\System32\shcore.dll
[0406/160842.837:ERROR:process_reader_win.cc(233)] ReadMemory at 0x743f0000 of 64 bytes failed: 仅完成部分的 ReadProcessMemory 或 WriteProcessMemory 请求。 (0x12B)
[0406/160842.837:WARNING:pe_image_reader.cc(281)] could not read dos header from C:\WINDOWS\System32\profapi.dll
[0406/160842.837:ERROR:process_reader_win.cc(233)] ReadMemory at 0x74df0000 of 64 bytes failed: 仅完成部分的 ReadProcessMemory 或 WriteProcessMemory 请求。 (0x12B)
[0406/160842.837:WARNING:pe_image_reader.cc(281)] could not read dos header from C:\WINDOWS\System32\windows.storage.dll
[0406/160842.837:ERROR:process_reader_win.cc(233)] ReadMemory at 0x75660000 of 64 bytes failed: 仅完成部分的 ReadProcessMemory 或 WriteProcessMemory 请求。 (0x12B)
[0406/160842.837:WARNING:pe_image_reader.cc(281)] could not read dos header from C:\WINDOWS\System32\SHELL32.dll
[0406/160842.837:ERROR:process_reader_win.cc(233)] ReadMemory at 0x73810000 of 64 bytes failed: 仅完成部分的 ReadProcessMemory 或 WriteProcessMemory 请求。 (0x12B)
[0406/160842.837:WARNING:pe_image_reader.cc(281)] could not read dos header from C:\WINDOWS\SYSTEM32\USERENV.dll
[0406/160842.837:ERROR:process_reader_win.cc(233)] ReadMemory at 0x6e0e0000 of 64 bytes failed: 仅完成部分的 ReadProcessMemory 或 WriteProcessMemory 请求。 (0x12B)
[0406/160842.837:WARNING:pe_image_reader.cc(281)] could not read dos header from C:\WINDOWS\SYSTEM32\dwmapi.dll
[0406/160842.837:ERROR:process_reader_win.cc(233)] ReadMemory at 0x6e150000 of 64 bytes failed: 仅完成部分的 ReadProcessMemory 或 WriteProcessMemory 请求。 (0x12B)
[0406/160842.837:WARNING:pe_image_reader.cc(281)] could not read dos header from C:\WINDOWS\SYSTEM32\iertutil.dll
[0406/160842.837:ERROR:process_reader_win.cc(233)] ReadMemory at 0x6e410000 of 64 bytes failed: 仅完成部分的 ReadProcessMemory 或 WriteProcessMemory 请求。 (0x12B)
[0406/160842.837:WARNING:pe_image_reader.cc(281)] could not read dos header from C:\WINDOWS\SYSTEM32\urlmon.dll
[0406/160842.837:ERROR:process_reader_win.cc(233)] ReadMemory at 0x72df0000 of 64 bytes failed: 仅完成部分的 ReadProcessMemory 或 WriteProcessMemory 请求。 (0x12B)
[0406/160842.837:WARNING:pe_image_reader.cc(281)] could not read dos header from C:\WINDOWS\SYSTEM32\bcrypt.dll
[0406/160842.837:ERROR:process_reader_win.cc(233)] ReadMemory at 0x73900290 of 40 bytes failed: 仅完成部分的 ReadProcessMemory 或 WriteProcessMemory 请求。 (0x12B)
[0406/160842.837:ERROR:process_reader_win.cc(233)] ReadMemory at 0x72730000 of 64 bytes failed: 仅完成部分的 ReadProcessMemory 或 WriteProcessMemory 请求。 (0x12B)
[0406/160842.837:WARNING:pe_image_reader.cc(333)] could not read section 4 from C:\WINDOWS\System32\powrprof.dll
[0406/160842.837:WARNING:pe_image_reader.cc(281)] could not read dos header from C:\WINDOWS\SYSTEM32\WINSPOOL.DRV
[0406/160842.837:ERROR:process_reader_win.cc(233)] ReadMemory at 0x72440000 of 64 bytes failed: 仅完成部分的 ReadProcessMemory 或 WriteProcessMemory 请求。 (0x12B)
[0406/160842.837:ERROR:process_reader_win.cc(233)] ReadMemory at 0x76c90000 of 64 bytes failed: 仅完成部分的 ReadProcessMemory 或 WriteProcessMemory 请求。 (0x12B)
[0406/160842.837:WARNING:pe_image_reader.cc(281)] could not read dos header from C:\WINDOWS\System32\kernel.appcore.dll
[0406/160842.837:ERROR:process_reader_win.cc(233)] ReadMemory at 0x74c70000 of 64 bytes failed: 仅完成部分的 ReadProcessMemory 或 WriteProcessMemory 请求。 (0x12B)
[0406/160842.837:WARNING:pe_image_reader.cc(281)] could not read dos header from C:\WINDOWS\System32\shcore.dll
[0406/160842.837:ERROR:process_reader_win.cc(233)] ReadMemory at 0x743f0000 of 64 bytes failed: 仅完成部分的 ReadProcessMemory 或 WriteProcessMemory 请求。 (0x12B)
[0406/160842.837:WARNING:pe_image_reader.cc(281)] could not read dos header from C:\WINDOWS\System32\profapi.dll
[0406/160842.837:ERROR:process_reader_win.cc(233)] ReadMemory at 0x74df0000 of 64 bytes failed: 仅完成部分的 ReadProcessMemory 或 WriteProcessMemory 请求。 (0x12B)
[0406/160842.837:WARNING:pe_image_reader.cc(281)] could not read dos header from C:\WINDOWS\System32\windows.storage.dll
[0406/160842.837:ERROR:process_reader_win.cc(233)] ReadMemory at 0x75660000 of 64 bytes failed: 仅完成部分的 ReadProcessMemory 或 WriteProcessMemory 请求。 (0x12B)
[0406/160842.837:WARNING:pe_image_reader.cc(281)] could not read dos header from C:\WINDOWS\System32\SHELL32.dll
[0406/160842.837:ERROR:process_reader_win.cc(233)] ReadMemory at 0x73810000 of 64 bytes failed: 仅完成部分的 ReadProcessMemory 或 WriteProcessMemory 请求。 (0x12B)
[0406/160842.837:WARNING:pe_image_reader.cc(281)] could not read dos header from C:\WINDOWS\SYSTEM32\USERENV.dll
[0406/160842.837:ERROR:process_reader_win.cc(233)] ReadMemory at 0x6e0e0000 of 64 bytes failed: 仅完成部分的 ReadProcessMemory 或 WriteProcessMemory 请求。 (0x12B)
[0406/160842.837:WARNING:pe_image_reader.cc(281)] could not read dos header from C:\WINDOWS\SYSTEM32\dwmapi.dll
[0406/160842.837:ERROR:process_reader_win.cc(233)] ReadMemory at 0x6e150000 of 64 bytes failed: 仅完成部分的 ReadProcessMemory 或 WriteProcessMemory 请求。 (0x12B)
[0406/160842.837:WARNING:pe_image_reader.cc(281)] could not read dos header from C:\WINDOWS\SYSTEM32\iertutil.dll
[0406/160842.837:ERROR:process_reader_win.cc(233)] ReadMemory at 0x6e410000 of 64 bytes failed: 仅完成部分的 ReadProcessMemory 或 WriteProcessMemory 请求。 (0x12B)
[0406/160842.837:WARNING:pe_image_reader.cc(281)] could not read dos header from C:\WINDOWS\SYSTEM32\urlmon.dll
[0406/160842.837:ERROR:process_reader_win.cc(233)] ReadMemory at 0x72df0000 of 64 bytes failed: 仅完成部分的 ReadProcessMemory 或 WriteProcessMemory 请求。 (0x12B)
[0406/160842.837:WARNING:pe_image_reader.cc(281)] could not read dos header from C:\WINDOWS\SYSTEM32\bcrypt.dll
[0406/160842.837:ERROR:process_reader_win.cc(233)] ReadMemory at 0x72730000 of 64 bytes failed: 仅完成部分的 ReadProcessMemory 或 WriteProcessMemory 请求。 (0x12B)
[0406/160842.837:WARNING:pe_image_reader.cc(281)] could not read dos header from C:\WINDOWS\SYSTEM32\WINSPOOL.DRV
[0406/160842.837:ERROR:process_reader_win.cc(233)] ReadMemory at 0x72440000 of 64 bytes failed: 仅完成部分的 ReadProcessMemory 或 WriteProcessMemory 请求。 (0x12B)
[0406/160842.837:WARNING:pe_image_reader.cc(281)] could not read dos header from C:\WINDOWS\SYSTEM32\MPR.dll
[0406/160842.837:ERROR:process_reader_win.cc(233)] ReadMemory at 0x632d0000 of 64 bytes failed: 仅完成部分的 ReadProcessMemory 或 WriteProcessMemory 请求。 (0x12B)
[0406/160842.837:WARNING:pe_image_reader.cc(281)] could not read dos header from C:\Program Files (x86)\Google\Chrome\Application\57.0.2987.110\chrome_elf.dll
[0406/160842.837:ERROR:process_reader_win.cc(233)] ReadMemory at 0x73f00000 of 64 bytes failed: 仅完成部分的 ReadProcessMemory 或 WriteProcessMemory 请求。 (0x12B)
[0406/160842.837:WARNING:pe_image_reader.cc(281)] could not read dos header from C:\WINDOWS\System32\PSAPI.DLL
[0406/160842.837:ERROR:process_reader_win.cc(233)] ReadMemory at 0x72cc0000 of 64 bytes failed: 仅完成部分的 ReadProcessMemory 或 WriteProcessMemory 请求。 (0x12B)
[0406/160842.837:WARNING:pe_image_reader.cc(281)] could not read dos header from C:\WINDOWS\SYSTEM32\WINHTTP.dll
[0406/160842.837:ERROR:process_reader_win.cc(233)] ReadMemory at 0x63280000 of 64 bytes failed: 仅完成部分的 ReadProcessMemory 或 WriteProcessMemory 请求。 (0x12B)
[0406/160842.837:WARNING:pe_image_reader.cc(281)] could not read dos header from C:\WINDOWS\SYSTEM32\ninput.dll
[0406/160842.837:ERROR:process_reader_win.cc(233)] ReadMemory at 0x74d80000 of 64 bytes failed: 仅完成部分的 ReadProcessMemory 或 WriteProcessMemory 请求。 (0x12B)
[0406/160842.837:WARNING:pe_image_reader.cc(281)] could not read dos header from C:\WINDOWS\System32\WS2_32.dll
[0406/160842.837:ERROR:process_reader_win.cc(233)] ReadMemory at 0x736e0000 of 64 bytes failed: 仅完成部分的 ReadProcessMemory 或 WriteProcessMemory 请求。 (0x12B)
[0406/160842.837:WARNING:pe_image_reader.cc(281)] could not read dos header from C:\WINDOWS\SYSTEM32\NETAPI32.dll
[0406/160842.837:ERROR:process_reader_win.cc(233)] ReadMemory at 0x6e6e0000 of 64 bytes failed: 仅完成部分的 ReadProcessMemory 或 WriteProcessMemory 请求。 (0x12B)
[0406/160842.837:WARNING:pe_image_reader.cc(281)] could not read dos header from C:\WINDOWS\SYSTEM32\WKSCLI.DLL
[0406/160842.837:ERROR:process_reader_win.cc(233)] ReadMemory at 0x73300000 of 64 bytes failed: 仅完成部分的 ReadProcessMemory 或 WriteProcessMemory 请求。 (0x12B)
[0406/160842.837:WARNING:pe_image_reader.cc(281)] could not read dos header from C:\WINDOWS\SYSTEM32\NETUTILS.DLL
[0406/160842.837:ERROR:process_reader_win.cc(233)] ReadMemory at 0x614b0000 of 64 bytes failed: 仅完成部分的 ReadProcessMemory 或 WriteProcessMemory 请求。 (0x12B)
[0406/160842.837:WARNING:pe_image_reader.cc(281)] could not read dos header from D:\Program Files (x86)\360\360safe\safemon\safemon.dll
[0406/160842.837:ERROR:process_reader_win.cc(233)] ReadMemory at 0x61220000 of 64 bytes failed: 仅完成部分的 ReadProcessMemory 或 WriteProcessMemory 请求。 (0x12B)
[0406/160842.837:WARNING:pe_image_reader.cc(281)] could not read dos header from D:\Program Files (x86)\360\360safe\safemon\iNetSafe.dll
[0406/160842.837:ERROR:process_reader_win.cc(233)] ReadMemory at 0x721f0000 of 64 bytes failed: 仅完成部分的 ReadProcessMemory 或 WriteProcessMemory 请求。 (0x12B)
[0406/160842.837:WARNING:pe_image_reader.cc(281)] could not read dos header from C:\WINDOWS\WinSxS\x86_microsoft.windows.common-controls_6595b64144ccf1df_6.0.14393.953_none_89c2555adb023171\COMCTL32.dll
[0406/160842.837:ERROR:process_reader_win.cc(233)] ReadMemory at 0x75530000 of 64 bytes failed: 仅完成部分的 ReadProcessMemory 或 WriteProcessMemory 请求。 (0x12B)
[0406/160842.837:WARNING:pe_image_reader.cc(281)] could not read dos header from C:\WINDOWS\System32\COMDLG32.dll
[0406/160842.837:ERROR:process_reader_win.cc(233)] ReadMemory at 0x727a0000 of 64 bytes failed: 仅完成部分的 ReadProcessMemory 或 WriteProcessMemory 请求。 (0x12B)
[0406/160842.837:WARNING:pe_image_reader.cc(281)] could not read dos header from C:\WINDOWS\SYSTEM32\dbghelp.dll
[0406/160842.837:ERROR:process_reader_win.cc(233)] ReadMemory at 0x77010000 of 64 bytes failed: 仅完成部分的 ReadProcessMemory 或 WriteProcessMemory 请求。 (0x12B)
[0406/160842.837:WARNING:pe_image_reader.cc(281)] could not read dos header from C:\WINDOWS\System32\USP10.dll
[0406/160842.837:ERROR:process_reader_win.cc(233)] ReadMemory at 0x736b0000 of 64 bytes failed: 仅完成部分的 ReadProcessMemory 或 WriteProcessMemory 请求。 (0x12B)
[0406/160842.837:WARNING:pe_image_reader.cc(281)] could not read dos header from C:\WINDOWS\SYSTEM32\IPHLPAPI.DLL
[0406/160842.837:ERROR:process_reader_win.cc(233)] ReadMemory at 0x733c0000 of 64 bytes failed: 仅完成部分的 ReadProcessMemory 或 WriteProcessMemory 请求。 (0x12B)
[0406/160842.837:WARNING:pe_image_reader.cc(281)] could not read dos header from C:\WINDOWS\SYSTEM32\Secur32.dll
[0406/160842.837:ERROR:process_reader_win.cc(233)] ReadMemory at 0x6b750000 of 64 bytes failed: 仅完成部分的 ReadProcessMemory 或 WriteProcessMemory 请求。 (0x12B)
[0406/160842.837:WARNING:pe_image_reader.cc(281)] could not read dos header from C:\WINDOWS\SYSTEM32\DWrite.dll
[0406/160842.837:ERROR:process_reader_win.cc(233)] ReadMemory at 0x617b0000 of 64 bytes failed: 仅完成部分的 ReadProcessMemory 或 WriteProcessMemory 请求。 (0x12B)
[0406/160842.837:WARNING:pe_image_reader.cc(281)] could not read dos header from C:\WINDOWS\SYSTEM32\FONTSUB.dll
[0406/160842.837:ERROR:process_reader_win.cc(233)] ReadMemory at 0x73f90000 of 64 bytes failed: 仅完成部分的 ReadProcessMemory 或 WriteProcessMemory 请求。 (0x12B)
[0406/160842.837:WARNING:pe_image_reader.cc(281)] could not read dos header from C:\WINDOWS\System32\MSASN1.dll
[0406/160842.837:ERROR:process_reader_win.cc(233)] ReadMemory at 0x74aa0000 of 64 bytes failed: 仅完成部分的 ReadProcessMemory 或 WriteProcessMemory 请求。 (0x12B)
[0406/160842.837:WARNING:pe_image_reader.cc(281)] could not read dos header from C:\WINDOWS\System32\CRYPT32.dll
[0406/160842.837:ERROR:process_reader_win.cc(233)] ReadMemory at 0x76ca0000 of 64 bytes failed: 仅完成部分的 ReadProcessMemory 或 WriteProcessMemory 请求。 (0x12B)
[0406/160842.837:WARNING:pe_image_reader.cc(281)] could not read dos header from C:\WINDOWS\System32\WINTRUST.dll
[0406/160842.837:ERROR:process_reader_win.cc(233)] ReadMemory at 0x59000000 of 64 bytes failed: 仅完成部分的 ReadProcessMemory 或 WriteProcessMemory 请求。 (0x12B)
[0406/160842.837:WARNING:pe_image_reader.cc(281)] could not read dos header from C:\Program Files (x86)\Google\Chrome\Application\57.0.2987.110\chrome_child.dll
[0406/160842.837:WARNING:pe_image_reader.cc(281)] could not read dos header from C:\WINDOWS\System32\USP10.dll
[0406/160842.837:ERROR:process_reader_win.cc(233)] ReadMemory at 0x736b0000 of 64 bytes failed: 仅完成部分的 ReadProcessMemory 或 WriteProcessMemory 请求。 (0x12B)
[0406/160842.837:WARNING:pe_image_reader.cc(281)] could not read dos header from C:\WINDOWS\SYSTEM32\IPHLPAPI.DLL
[0406/160842.837:ERROR:process_reader_win.cc(233)] ReadMemory at 0x733c0000 of 64 bytes failed: 仅完成部分的 ReadProcessMemory 或 WriteProcessMemory 请求。 (0x12B)
[0406/160842.837:WARNING:pe_image_reader.cc(281)] could not read dos header from C:\WINDOWS\SYSTEM32\Secur32.dll
[0406/160842.837:ERROR:process_reader_win.cc(233)] ReadMemory at 0x6b750000 of 64 bytes failed: 仅完成部分的 ReadProcessMemory 或 WriteProcessMemory 请求。 (0x12B)
[0406/160842.837:WARNING:pe_image_reader.cc(281)] could not read dos header from C:\WINDOWS\SYSTEM32\DWrite.dll
[0406/160842.837:ERROR:process_reader_win.cc(233)] ReadMemory at 0x617b0000 of 64 bytes failed: 仅完成部分的 ReadProcessMemory 或 WriteProcessMemory 请求。 (0x12B)
[0406/160842.837:WARNING:pe_image_reader.cc(281)] could not read dos header from C:\WINDOWS\SYSTEM32\FONTSUB.dll
[0406/160842.837:ERROR:process_reader_win.cc(233)] ReadMemory at 0x73f90000 of 64 bytes failed: 仅完成部分的 ReadProcessMemory 或 WriteProcessMemory 请求。 (0x12B)
[0406/160842.837:WARNING:pe_image_reader.cc(281)] could not read dos header from C:\WINDOWS\System32\MSASN1.dll
[0406/160842.837:ERROR:process_reader_win.cc(233)] ReadMemory at 0x74aa0000 of 64 bytes failed: 仅完成部分的 ReadProcessMemory 或 WriteProcessMemory 请求。 (0x12B)
[0406/160842.837:WARNING:pe_image_reader.cc(281)] could not read dos header from C:\WINDOWS\System32\CRYPT32.dll
[0406/160842.837:ERROR:process_reader_win.cc(233)] ReadMemory at 0x76ca0000 of 64 bytes failed: 仅完成部分的 ReadProcessMemory 或 WriteProcessMemory 请求。 (0x12B)
[0406/160842.837:WARNING:pe_image_reader.cc(281)] could not read dos header from C:\WINDOWS\System32\WINTRUST.dll
[0406/160842.837:ERROR:process_reader_win.cc(233)] ReadMemory at 0x59000000 of 64 bytes failed: 仅完成部分的 ReadProcessMemory 或 WriteProcessMemory 请求。 (0x12B)
[0406/160842.837:WARNING:pe_image_reader.cc(281)] could not read dos header from C:\Program Files (x86)\Google\Chrome\Application\57.0.2987.110\chrome_child.dll
[0406/160842.837:WARNING:pe_image_reader.cc(281)] could not read dos header from C:\WINDOWS\SYSTEM32\MPR.dll
[0406/160842.837:ERROR:process_reader_win.cc(233)] ReadMemory at 0x632d0000 of 64 bytes failed: 仅完成部分的 ReadProcessMemory 或 WriteProcessMemory 请求。 (0x12B)
[0406/160842.837:WARNING:pe_image_reader.cc(281)] could not read dos header from C:\Program Files (x86)\Google\Chrome\Application\57.0.2987.110\chrome_elf.dll
[0406/160842.837:ERROR:process_reader_win.cc(233)] ReadMemory at 0x73f00000 of 64 bytes failed: 仅完成部分的 ReadProcessMemory 或 WriteProcessMemory 请求。 (0x12B)
[0406/160842.837:WARNING:pe_image_reader.cc(281)] could not read dos header from C:\WINDOWS\System32\PSAPI.DLL
[0406/160842.837:ERROR:process_reader_win.cc(233)] ReadMemory at 0x72cc0000 of 64 bytes failed: 仅完成部分的 ReadProcessMemory 或 WriteProcessMemory 请求。 (0x12B)
[0406/160842.837:WARNING:pe_image_reader.cc(281)] could not read dos header from C:\WINDOWS\SYSTEM32\WINHTTP.dll
[0406/160842.837:ERROR:process_reader_win.cc(233)] ReadMemory at 0x63280000 of 64 bytes failed: 仅完成部分的 ReadProcessMemory 或 WriteProcessMemory 请求。 (0x12B)
[0406/160842.837:WARNING:pe_image_reader.cc(281)] could not read dos header from C:\WINDOWS\SYSTEM32\ninput.dll
[0406/160842.837:ERROR:process_reader_win.cc(233)] ReadMemory at 0x74d80000 of 64 bytes failed: 仅完成部分的 ReadProcessMemory 或 WriteProcessMemory 请求。 (0x12B)
[0406/160842.837:WARNING:pe_image_reader.cc(281)] could not read dos header from C:\WINDOWS\System32\WS2_32.dll
[0406/160842.837:ERROR:process_reader_win.cc(233)] ReadMemory at 0x736e0000 of 64 bytes failed: 仅完成部分的 ReadProcessMemory 或 WriteProcessMemory 请求。 (0x12B)
[0406/160842.837:WARNING:pe_image_reader.cc(281)] could not read dos header from C:\WINDOWS\SYSTEM32\NETAPI32.dll
[0406/160842.837:ERROR:process_reader_win.cc(233)] ReadMemory at 0x6e6e0000 of 64 bytes failed: 仅完成部分的 ReadProcessMemory 或 WriteProcessMemory 请求。 (0x12B)
[0406/160842.837:WARNING:pe_image_reader.cc(281)] could not read dos header from C:\WINDOWS\SYSTEM32\WKSCLI.DLL
[0406/160842.837:ERROR:process_reader_win.cc(233)] ReadMemory at 0x73300000 of 64 bytes failed: 仅完成部分的 ReadProcessMemory 或 WriteProcessMemory 请求。 (0x12B)
[0406/160842.837:WARNING:pe_image_reader.cc(281)] could not read dos header from C:\WINDOWS\SYSTEM32\NETUTILS.DLL
[0406/160842.837:ERROR:process_reader_win.cc(233)] ReadMemory at 0x614b0000 of 64 bytes failed: 仅完成部分的 ReadProcessMemory 或 WriteProcessMemory 请求。 (0x12B)
[0406/160842.837:WARNING:pe_image_reader.cc(281)] could not read dos header from D:\Program Files (x86)\360\360safe\safemon\safemon.dll
[0406/160842.837:ERROR:process_reader_win.cc(233)] ReadMemory at 0x61220000 of 64 bytes failed: 仅完成部分的 ReadProcessMemory 或 WriteProcessMemory 请求。 (0x12B)
[0406/160842.837:WARNING:pe_image_reader.cc(281)] could not read dos header from D:\Program Files (x86)\360\360safe\safemon\iNetSafe.dll
[0406/160842.837:ERROR:process_reader_win.cc(233)] ReadMemory at 0x721f0000 of 64 bytes failed: 仅完成部分的 ReadProcessMemory 或 WriteProcessMemory 请求。 (0x12B)
[0406/160842.837:WARNING:pe_image_reader.cc(281)] could not read dos header from C:\WINDOWS\WinSxS\x86_microsoft.windows.common-controls_6595b64144ccf1df_6.0.14393.953_none_89c2555adb023171\COMCTL32.dll
[0406/160842.837:ERROR:process_reader_win.cc(233)] ReadMemory at 0x75530000 of 64 bytes failed: 仅完成部分的 ReadProcessMemory 或 WriteProcessMemory 请求。 (0x12B)
[0406/160842.837:WARNING:pe_image_reader.cc(281)] could not read dos header from C:\WINDOWS\System32\COMDLG32.dll
[0406/160842.837:ERROR:process_reader_win.cc(233)] ReadMemory at 0x727a0000 of 64 bytes failed: 仅完成部分的 ReadProcessMemory 或 WriteProcessMemory 请求。 (0x12B)
[0406/160842.837:WARNING:pe_image_reader.cc(281)] could not read dos header from C:\WINDOWS\SYSTEM32\dbghelp.dll
[0406/160842.837:ERROR:process_reader_win.cc(233)] ReadMemory at 0x77010000 of 64 bytes failed: 仅完成部分的 ReadProcessMemory 或 WriteProcessMemory 请求。 (0x12B)
[0406/160842.837:WARNING:pe_image_reader.cc(281)] could not read dos header from C:\WINDOWS\System32\USP10.dll
[0406/160842.837:ERROR:process_reader_win.cc(233)] ReadMemory at 0x736b0000 of 64 bytes failed: 仅完成部分的 ReadProcessMemory 或 WriteProcessMemory 请求。 (0x12B)
[0406/160842.837:WARNING:pe_image_reader.cc(281)] could not read dos header from C:\WINDOWS\SYSTEM32\IPHLPAPI.DLL
[0406/160842.837:ERROR:process_reader_win.cc(233)] ReadMemory at 0x733c0000 of 64 bytes failed: 仅完成部分的 ReadProcessMemory 或 WriteProcessMemory 请求。 (0x12B)
[0406/160842.837:WARNING:pe_image_reader.cc(281)] could not read dos header from C:\WINDOWS\SYSTEM32\Secur32.dll
[0406/160842.837:ERROR:process_reader_win.cc(233)] ReadMemory at 0x6b750000 of 64 bytes failed: 仅完成部分的 ReadProcessMemory 或 WriteProcessMemory 请求。 (0x12B)
[0406/160842.837:WARNING:pe_image_reader.cc(281)] could not read dos header from C:\WINDOWS\SYSTEM32\DWrite.dll
[0406/160842.837:ERROR:process_reader_win.cc(233)] ReadMemory at 0x617b0000 of 64 bytes failed: 仅完成部分的 ReadProcessMemory 或 WriteProcessMemory 请求。 (0x12B)
[0406/160842.837:WARNING:pe_image_reader.cc(281)] could not read dos header from C:\WINDOWS\SYSTEM32\FONTSUB.dll
[0406/160842.837:ERROR:process_reader_win.cc(233)] ReadMemory at 0x73f90000 of 64 bytes failed: 仅完成部分的 ReadProcessMemory 或 WriteProcessMemory 请求。 (0x12B)
[0406/160842.837:WARNING:pe_image_reader.cc(281)] could not read dos header from C:\WINDOWS\System32\MSASN1.dll
[0406/160842.837:ERROR:process_reader_win.cc(233)] ReadMemory at 0x74aa0000 of 64 bytes failed: 仅完成部分的 ReadProcessMemory 或 WriteProcessMemory 请求。 (0x12B)
[0406/160842.837:WARNING:pe_image_reader.cc(281)] could not read dos header from C:\WINDOWS\System32\CRYPT32.dll
[0406/160842.837:ERROR:process_reader_win.cc(233)] ReadMemory at 0x76ca0000 of 64 bytes failed: 仅完成部分的 ReadProcessMemory 或 WriteProcessMemory 请求。 (0x12B)
[0406/160842.837:WARNING:pe_image_reader.cc(281)] could not read dos header from C:\WINDOWS\System32\WINTRUST.dll
[0406/160842.837:ERROR:process_reader_win.cc(233)] ReadMemory at 0x59000000 of 64 bytes failed: 仅完成部分的 ReadProcessMemory 或 WriteProcessMemory 请求。 (0x12B)
[0406/160842.837:WARNING:pe_image_reader.cc(281)] could not read dos header from C:\Program Files (x86)\Google\Chrome\Application\57.0.2987.110\chrome_child.dll
[0406/160842.853:ERROR:process_reader_win.cc(233)] ReadMemory at 0x793000 of 53248 bytes failed: 仅完成部分的 ReadProcessMemory 或 WriteProcessMemory 请求。 (0x12B)
[0406/160842.853:ERROR:crash_report_exception_handler.cc(111)] WriteEverything failed
[0406/160842.837:ERROR:scoped_process_suspend.cc(38)] NtResumeProcess: 已尝试访问正在退出的过程。  (0xc000010a)
[0406/160842.902:ERROR:scoped_process_suspend.cc(38)] NtResumeProcess: 已尝试访问正在退出的过程。  (0xc000010a)
